<?xml version="1.0" encoding="UTF-8" ?>
<!-- #%L ff4j-web %% Copyright (C) 2013 - 2014 Ff4J %% Licensed under the 
	Apache License, Version 2.0 (the "License"); you may not use this file except 
	in compliance with the License. You may obtain a copy of the License at http://www.apache.org/licenses/LICENSE-2.0 
	Unless required by applicable law or agreed to in writing, software distributed 
	under the License is distributed on an "AS IS" BASIS, WITHOUT WARRANTIES 
	OR CONDITIONS OF ANY KIND, either express or implied. See the License for 
	the specific language governing permissions and limitations under the License. 
	#L% -->

<!DOCTYPE configuration>
<features>

	<feature uid="sayHello" description="my first feature" enable="true">
	</feature>

	<feature uid="sayGoodBye" description="desc_say_goodbye" enable="false">
		<security>
			<role name="USER" />
		</security>
		<custom-properties>
			<property name="ppint" value="12" />
			<property name="ppdouble" value="12.5" />
			<property name="ppboolean" value="true" />
			<property name="ppstring" value="hello" />
			<property name="ppListInt" value="12,13,14" />
			<property name="myLogLevel" value="DEBUG" type="org.ff4j.property.PropertyLogLevel" />
			<property name="digitValue" value="1" type="org.ff4j.property.PropertyInt">
				<fixedValues>
					<value>0</value>
					<value>1</value>
					<value>2</value>
					<value>3</value>
				</fixedValues>
			</property>
			<property name="regionIdentifier" value="AMER">
				<fixedValues>
					<value>AMER</value>
					<value>SSSS</value>
					<value>EAST</value>
					<value>EAST</value>
				</fixedValues>
			</property>
		</custom-properties>
	</feature>

	<feature-group name="Groupe1">
		<feature uid="feat1" description="desc1" enable="false">
		</feature>
		<feature uid="feat2" description="desc_feat2" enable="false">
			<security>
				<role name="Users" />
			</security>
		</feature>

	</feature-group>


	<feature-group name="strategies">
		<feature uid="feat3" description="exp" enable="true">
			<flipstrategy class="org.ff4j.strategy.el.ExpressionFlipStrategy">
				<param name="expression" value="third | second" />
			</flipstrategy>
		</feature>
		<feature uid="feat4" description="desc_feat" enable="true">
			<flipstrategy class="org.ff4j.strategy.time.ReleaseDateFlipStrategy">
				<param name="releaseDate" value="2013-07-14-14:00" />
			</flipstrategy>
		</feature>

		<feature uid="feat5" description="null" enable="true">
			<flipstrategy class="org.ff4j.strategy.PonderationStrategy">
				<param name="weight" value="0.5" />
			</flipstrategy>
		</feature>

		<feature uid="feat6" description="z" enable="true">
			<flipstrategy class="org.ff4j.strategy.ClientFilterStrategy">
				<param name="grantedClients" value="c1,c2" />
			</flipstrategy>
		</feature>

		<feature uid="feat7" description="null" enable="true">
			<flipstrategy class="org.ff4j.strategy.ServerFilterStrategy">
				<param name="grantedServers" value="s1,s2" />
			</flipstrategy>
		</feature>

	</feature-group>

	<!-- No Expression -->
	<feature uid="first" enable="true" description="some desc">
		<flipstrategy class="org.ff4j.strategy.time.OfficeHourStrategy">
			<param name="monday" value="08:00-12:00,13:30-18:00" />
			<param name="tuesday" value="08:00-12:00,13:30-18:00" />
			<param name="wednesday" value="08:00-12:00,13:30-18:00" />
			<param name="thursday" value="08:00-12:00,13:30-18:00" />
			<param name="friday" value="08:00-12:00,13:30-18:00" />
			<param name="saturday" value="10:00-19:00" />
			<param name="sunday" value="" />
			<param name="publicHolidays" value="2015-01-01,2015-05-01,2015-12-25" />
			<param name="specialOpenings" value="[08:00-12:00]@2015-01-01;[08:00-12:00]@2015-01-02" />
		</flipstrategy>
	</feature>



</features>